<?xml version="1.0" encoding="UTF-8"?>
<!-- Generated by org.testng.reporters.JUnitReportReporter -->
<testsuite hostname="Dell-4bt9qc2" failures="0" tests="2" name="Day1.CapgeminiRestAPITesting" time="2.104" errors="0" timestamp="2025-06-06T22:04:34 IST" skipped="1">
  <testcase classname="Day1.CapgeminiRestAPITesting" name="getCapgeminiRequest" time="2.104"/>
  <testcase classname="Day1.CapgeminiRestAPITesting" name="postCapgeminiRequest">
    <skipped/>
  </testcase> <!-- postCapgeminiRequest -->
</testsuite> <!-- Day1.CapgeminiRestAPITesting -->
