<?xml version="1.0" encoding="UTF-8"?>
<!-- Generated by org.testng.reporters.JUnitReportReporter -->
<testsuite hostname="Dell-4bt9qc2" failures="0" tests="1" name="Day3.ProgramPractice2" time="0.012" errors="0" timestamp="2025-03-27T17:36:11 IST" skipped="0">
  <testcase classname="Day3.ProgramPractice2" name="hashsetIteratorCheck" time="0.012"/>
</testsuite> <!-- Day3.ProgramPractice2 -->
