<?xml version="1.0" encoding="UTF-8"?>
<!-- Generated by org.testng.reporters.JUnitReportReporter -->
<testsuite hostname="Dell-4bt9qc2" failures="0" tests="1" name="Day2.GroupingCheck" time="0.012" errors="0" timestamp="2025-06-06T21:38:30 IST" skipped="0">
  <testcase classname="Day2.GroupingCheck" name="sampleCheck2" time="0.012"/>
</testsuite> <!-- Day2.GroupingCheck -->
