<?xml version="1.0" encoding="UTF-8"?>
<!-- Generated by org.testng.reporters.JUnitReportReporter -->
<testsuite hostname="Dell-4bt9qc2" failures="0" tests="6" name="Day1.HierarchyTest" time="0.053" errors="0" timestamp="2025-03-25T14:21:04 IST" skipped="0">
  <testcase classname="Day1.HierarchyTest" name="sampleMethod9" time="0.005"/>
  <testcase classname="Day1.HierarchyTest" name="sampleMethod9" time="0.016"/>
  <testcase classname="Day1.HierarchyTest" name="sampleMethod10" time="0.009"/>
  <testcase classname="Day1.HierarchyTest" name="sampleMethod10" time="0.007"/>
  <testcase classname="Day1.HierarchyTest" name="sampleMethod11" time="0.006"/>
  <testcase classname="Day1.HierarchyTest" name="sampleMethod11" time="0.010"/>
</testsuite> <!-- Day1.HierarchyTest -->
