<?xml version="1.0" encoding="UTF-8"?>
<!-- Generated by org.testng.reporters.JUnitReportReporter -->
<testsuite hostname="Dell-4bt9qc2" failures="0" tests="1" name="Day1.DataProviderCheck" time="0.011" errors="0" timestamp="2025-03-25T15:10:21 IST" skipped="0">
  <testcase classname="Day1.DataProviderCheck" name="printingData" time="0.011"/>
</testsuite> <!-- Day1.DataProviderCheck -->
