<?xml version="1.0" encoding="UTF-8"?>
<!-- Generated by org.testng.reporters.JUnitReportReporter -->
<testsuite hostname="Dell-4bt9qc2" failures="0" tests="2" name="Day2.DataProviderCheck" time="0.014" errors="0" timestamp="2025-04-15T17:06:42 IST" skipped="0">
  <testcase classname="Day2.DataProviderCheck" name="printingData" time="0.003"/>
  <testcase classname="Day2.DataProviderCheck" name="printingData" time="0.011"/>
</testsuite> <!-- Day2.DataProviderCheck -->
