<?xml version="1.0" encoding="UTF-8"?>
<!-- Generated by org.testng.reporters.JUnitReportReporter -->
<testsuite hostname="Dell-4bt9qc2" failures="0" tests="1" name="Day3.ReverseStringPractice" time="6.973" errors="0" timestamp="2025-03-27T15:53:25 IST" skipped="0">
  <testcase classname="Day3.ReverseStringPractice" name="swapNumberCheck" time="6.973"/>
</testsuite> <!-- Day3.ReverseStringPractice -->
