<?xml version="1.0" encoding="UTF-8"?>
<!-- Generated by org.testng.reporters.JUnitReportReporter -->
<testsuite hostname="Dell-4bt9qc2" failures="0" tests="1" name="MyHeadersClass" time="3.456" errors="0" timestamp="2025-03-24T13:48:29 IST" skipped="0">
  <testcase classname="MyHeadersClass" name="myHeader" time="3.456"/>
</testsuite> <!-- MyHeadersClass -->
