<?xml version="1.0" encoding="UTF-8"?>
<!-- Generated by org.testng.reporters.JUnitReportReporter -->
<testsuite hostname="Dell-4bt9qc2" failures="0" tests="2" name="Day2.HierarchyTest2" time="0.023" errors="0" timestamp="2025-04-15T16:48:33 IST" skipped="0">
  <testcase classname="Day2.HierarchyTest2" name="sampleMethod9" time="0.017"/>
  <testcase classname="Day2.HierarchyTest2" name="sampleMethod10" time="0.006"/>
</testsuite> <!-- Day2.HierarchyTest2 -->
