<?xml version="1.0" encoding="UTF-8"?>
<!-- Generated by org.testng.reporters.JUnitReportReporter -->
<testsuite hostname="Dell-4bt9qc2" failures="0" tests="4" name="SampleRestAPIProgram" time="4.265" errors="0" timestamp="2025-03-21T16:41:36 IST" skipped="0">
  <testcase classname="SampleRestAPIProgram" name="getUserDetails" time="2.583"/>
  <testcase classname="SampleRestAPIProgram" name="postUserDetails" time="0.776"/>
  <testcase classname="SampleRestAPIProgram" name="updateUserDetails" time="0.474"/>
  <testcase classname="SampleRestAPIProgram" name="delateUserDetails" time="0.432"/>
</testsuite> <!-- SampleRestAPIProgram -->
