<?xml version="1.0" encoding="UTF-8"?>
<!-- Generated by org.testng.reporters.JUnitReportReporter -->
<testsuite hostname="Dell-4bt9qc2" failures="0" tests="1" name="ResponseValidationUsingThen" time="2.580" errors="0" timestamp="2025-03-24T15:11:02 IST" skipped="0">
  <testcase classname="ResponseValidationUsingThen" name="vaidationUsingJsonArray" time="2.580"/>
</testsuite> <!-- ResponseValidationUsingThen -->
