<?xml version="1.0" encoding="UTF-8"?>
<!-- Generated by org.testng.reporters.JUnitReportReporter -->
<testsuite hostname="Dell-4bt9qc2" failures="0" tests="1" name="DifferentPostRequest" time="2.910" errors="0" timestamp="2025-03-21T17:28:07 IST" skipped="0">
  <testcase classname="DifferentPostRequest" name="externalJson" time="2.910"/>
</testsuite> <!-- DifferentPostRequest -->
