<?xml version="1.0" encoding="UTF-8"?>
<!-- Generated by org.testng.reporters.JUnitReportReporter -->
<testsuite hostname="Dell-4bt9qc2" failures="0" tests="3" name="Day2.HierarchyTest" time="0.033" errors="0" timestamp="2025-04-15T16:47:35 IST" skipped="0">
  <testcase classname="Day2.HierarchyTest" name="sampleMethod9" time="0.016"/>
  <testcase classname="Day2.HierarchyTest" name="sampleMethod10" time="0.011"/>
  <testcase classname="Day2.HierarchyTest" name="sampleMethod11" time="0.006"/>
</testsuite> <!-- Day2.HierarchyTest -->
