<?xml version="1.0" encoding="UTF-8"?>
<!-- Generated by org.testng.reporters.JUnitReportReporter -->
<testsuite hostname="Dell-4bt9qc2" failures="0" tests="2" name="Day1.GroupingCheck" time="0.012" errors="0" timestamp="2025-03-25T14:44:59 IST" skipped="0">
  <testcase classname="Day1.GroupingCheck" name="sampleCheck1" time="0.011"/>
  <testcase classname="Day1.GroupingCheck" name="sampleCheck3" time="0.001"/>
</testsuite> <!-- Day1.GroupingCheck -->
