<?xml version="1.0" encoding="UTF-8"?>
<!-- Generated by org.testng.reporters.JUnitReportReporter -->
<testsuite hostname="Dell-4bt9qc2" failures="0" tests="1" name="Day1.DifferentPostRequest" time="1.519" errors="0" timestamp="2025-03-24T17:48:05 IST" skipped="0">
  <testcase classname="Day1.DifferentPostRequest" name="externalJson" time="1.519"/>
</testsuite> <!-- Day1.DifferentPostRequest -->
