<?xml version="1.0" encoding="UTF-8"?>
<!-- Generated by org.testng.reporters.JUnitReportReporter -->
<testsuite hostname="Dell-4bt9qc2" failures="0" tests="1" name="CookiesDemo" time="3.258" errors="0" timestamp="2025-03-21T18:02:36 IST" skipped="0">
  <testcase classname="CookiesDemo" name="cookieees" time="3.258"/>
</testsuite> <!-- CookiesDemo -->
