<?xml version="1.0" encoding="UTF-8"?>
<!-- Generated by org.testng.reporters.JUnitReportReporter -->
<testsuite hostname="Dell-4bt9qc2" failures="0" tests="1" name="PathQueryAPI" time="2.401" errors="0" timestamp="2025-03-21T17:46:27 IST" skipped="0">
  <testcase classname="PathQueryAPI" name="parameterAPI" time="2.401"/>
</testsuite> <!-- PathQueryAPI -->
