<?xml version="1.0" encoding="UTF-8"?>
<!-- Generated by org.testng.reporters.JUnitReportReporter -->
<testsuite hostname="Dell-4bt9qc2" failures="0" tests="4" name="Day1.ResponseValidationUsingThen" time="4.049" errors="0" timestamp="2025-03-25T14:00:56 IST" skipped="0">
  <testcase classname="Day1.ResponseValidationUsingThen" name="validationUsingJsonObject" time="0.202"/>
  <testcase classname="Day1.ResponseValidationUsingThen" name="vaidationUsingJsonArray" time="0.738"/>
  <testcase classname="Day1.ResponseValidationUsingThen" name="vaidationUsingJsonArray" time="2.983"/>
  <testcase classname="Day1.ResponseValidationUsingThen" name="validationUsingJsonObject" time="0.126"/>
</testsuite> <!-- Day1.ResponseValidationUsingThen -->
